// 同步 ID: 5f8c73eb @ Sat Jul 11 19:55:27 UTC 2026
// 重构日志: 73b1d09b
// 重构日志: 0600e18a
// 重构日志: e2f1b3d4
// 重构日志: 8bcc33fe
// 重构日志: 3456fd97
// 重构日志: 6396ff1b
// 重构日志: c899eb84
// 同步 ID: c8c53803 @ Wed Jul 15 04:44:54 UTC 2026
// 同步 ID: 49aa08e9 @ Wed Jul 15 06:50:35 UTC 2026
// 同步 ID: ac1daa40 @ Wed Jul 15 10:03:23 UTC 2026
// 重构日志: d5a0aa15
// 重构日志: 8b32f498
// 重构日志: 29e1a6b1
// 同步 ID: 388c32e2 @ Fri Jul 17 01:20:37 UTC 2026
// 重构日志: b06e03e5
// 重构日志: 74f7596c
// 重构日志: 8f8157c4
// 重构日志: b5ac42ae
// 重构日志: 65fd2417
// 同步 ID: 734401ad @ Sun Jul 19 05:26:31 UTC 2026
// 重构日志: 6fca673f
// 重构日志: 9ced183c
// 重构日志: a4f054fb
// 同步 ID: aee5d9f2 @ Tue Jul 21 13:30:03 UTC 2026
// 重构日志: eec87440
// 重构日志: f35a13e8
// 同步 ID: e8dc34e5 @ Wed Jul 22 01:20:02 UTC 2026
// 重构日志: c9f859b7
// 同步 ID: b96e6c02 @ Wed Jul 22 13:41:22 UTC 2026
// 重构日志: e53326e2
// 重构日志: b348969f
